\BOOKMARK [1][-]{section.1}{Introduzione}{}% 1
\BOOKMARK [1][-]{section.2}{Installazione e Configurazione}{}% 2
\BOOKMARK [1][-]{section.3}{Guida all'Utilizzo}{}% 3
\BOOKMARK [1][-]{section.4}{Struttura del codice}{}% 4
\BOOKMARK [2][-]{subsection.4.1}{Gestione modelli e utenti}{section.4}% 5
\BOOKMARK [2][-]{subsection.4.2}{Struttura Flask}{section.4}% 6
\BOOKMARK [2][-]{subsection.4.3}{Creazione dei modelli}{section.4}% 7
\BOOKMARK [2][-]{subsection.4.4}{Iterazione col Broker}{section.4}% 8
\BOOKMARK [1][-]{section.5}{Dettagli implementativi}{}% 9
\BOOKMARK [2][-]{subsection.5.1}{Formato dei File CSV}{section.5}% 10
\BOOKMARK [2][-]{subsection.5.2}{Matrice MxDxH}{section.5}% 11
\BOOKMARK [2][-]{subsection.5.3}{Parametro window}{section.5}% 12
\BOOKMARK [2][-]{subsection.5.4}{Manipolazione dati}{section.5}% 13
\BOOKMARK [2][-]{subsection.5.5}{Missing values}{section.5}% 14
\BOOKMARK [2][-]{subsection.5.6}{Maschera dei valori}{section.5}% 15
\BOOKMARK [1][-]{section.6}{Funzionamento}{}% 16
\BOOKMARK [2][-]{subsection.6.1}{Iterazione Server e Creazione dei modelli}{section.6}% 17
\BOOKMARK [2][-]{subsection.6.2}{Calcolo del modello}{section.6}% 18
\BOOKMARK [3][-]{subsubsection.6.2.1}{Stepwise-regression}{subsection.6.2}% 19
\BOOKMARK [3][-]{subsubsection.6.2.2}{Salvataggio dei Modelli}{subsection.6.2}% 20
